# JRE version: OpenJDK Runtime Environment (8.0_242-b01) (build 1.8.0_242-release-1644-b01)
# Java VM: OpenJDK 64-Bit Server VM (25.242-b01 mixed mode windows-amd64 compressed oops)
Heap:
 PSYoungGen      total 361472K, used 153685K [0x00000000d5580000, 0x00000000ee180000, 0x0000000100000000)
  eden space 323584K, 45% used [0x00000000d5580000,0x00000000de471480,0x00000000e9180000)
  from space 37888K, 19% used [0x00000000e9180000,0x00000000e98a4060,0x00000000eb680000)
  to   space 38912K, 0% used [0x00000000eb680000,0x00000000eb680000,0x00000000edc80000)
 ParOldGen       total 159744K, used 71385K [0x0000000080000000, 0x0000000089c00000, 0x00000000d5580000)
  object space 159744K, 44% used [0x0000000080000000,0x00000000845b6458,0x0000000089c00000)
 Metaspace       used 78835K, capacity 82904K, committed 82984K, reserved 1120256K
  class space    used 10740K, capacity 11493K, committed 11560K, reserved 1048576K
GC Heap History (10 events):
Event: 49.869 GC heap before
{Heap before GC invocations=15 (full 3):
 PSYoungGen      total 260096K, used 260065K [0x00000000d5580000, 0x00000000e9e80000, 0x0000000100000000)
  eden space 238080K, 100% used [0x00000000d5580000,0x00000000e3e00000,0x00000000e3e00000)
  from space 22016K, 99% used [0x00000000e3e00000,0x00000000e5378498,0x00000000e5380000)
  to   space 26112K, 0% used [0x00000000e8500000,0x00000000e8500000,0x00000000e9e80000)
 ParOldGen       total 92160K, used 37629K [0x0000000080000000, 0x0000000085a00000, 0x00000000d5580000)
  object space 92160K, 40% used [0x0000000080000000,0x00000000824bf470,0x0000000085a00000)
 Metaspace       used 75814K, capacity 79674K, committed 79912K, reserved 1118208K
  class space    used 10510K, capacity 11244K, committed 11304K, reserved 1048576K
Event: 50.002 GC heap after
Heap after GC invocations=15 (full 3):
 PSYoungGen      total 297472K, used 26106K [0x00000000d5580000, 0x00000000ebb00000, 0x0000000100000000)
  eden space 271360K, 0% used [0x00000000d5580000,0x00000000d5580000,0x00000000e5e80000)
  from space 26112K, 99% used [0x00000000e8500000,0x00000000e9e7ea90,0x00000000e9e80000)
  to   space 39424K, 0% used [0x00000000e5e80000,0x00000000e5e80000,0x00000000e8500000)
 ParOldGen       total 92160K, used 61322K [0x0000000080000000, 0x0000000085a00000, 0x00000000d5580000)
  object space 92160K, 66% used [0x0000000080000000,0x0000000083be2a80,0x0000000085a00000)
 Metaspace       used 75814K, capacity 79674K, committed 79912K, reserved 1118208K
  class space    used 10510K, capacity 11244K, committed 11304K, reserved 1048576K
}
Event: 54.124 GC heap before
{Heap before GC invocations=16 (full 3):
 PSYoungGen      total 297472K, used 297466K [0x00000000d5580000, 0x00000000ebb00000, 0x0000000100000000)
  eden space 271360K, 100% used [0x00000000d5580000,0x00000000e5e80000,0x00000000e5e80000)
  from space 26112K, 99% used [0x00000000e8500000,0x00000000e9e7ea90,0x00000000e9e80000)
  to   space 39424K, 0% used [0x00000000e5e80000,0x00000000e5e80000,0x00000000e8500000)
 ParOldGen       total 92160K, used 61322K [0x0000000080000000, 0x0000000085a00000, 0x00000000d5580000)
  object space 92160K, 66% used [0x0000000080000000,0x0000000083be2a80,0x0000000085a00000)
 Metaspace       used 77085K, capacity 81034K, committed 81320K, reserved 1120256K
  class space    used 10613K, capacity 11360K, committed 11432K, reserved 1048576K
Event: 54.175 GC heap after
Heap after GC invocations=16 (full 3):
 PSYoungGen      total 310784K, used 2752K [0x00000000d5580000, 0x00000000edc80000, 0x0000000100000000)
  eden space 271360K, 0% used [0x00000000d5580000,0x00000000d5580000,0x00000000e5e80000)
  from space 39424K, 6% used [0x00000000e5e80000,0x00000000e6130010,0x00000000e8500000)
  to   space 38912K, 0% used [0x00000000eb680000,0x00000000eb680000,0x00000000edc80000)
 ParOldGen       total 92160K, used 85818K [0x0000000080000000, 0x0000000085a00000, 0x00000000d5580000)
  object space 92160K, 93% used [0x0000000080000000,0x00000000853ce800,0x0000000085a00000)
 Metaspace       used 77085K, capacity 81034K, committed 81320K, reserved 1120256K
  class space    used 10613K, capacity 11360K, committed 11432K, reserved 1048576K
}
Event: 54.175 GC heap before
{Heap before GC invocations=17 (full 4):
 PSYoungGen      total 310784K, used 2752K [0x00000000d5580000, 0x00000000edc80000, 0x0000000100000000)
  eden space 271360K, 0% used [0x00000000d5580000,0x00000000d5580000,0x00000000e5e80000)
  from space 39424K, 6% used [0x00000000e5e80000,0x00000000e6130010,0x00000000e8500000)
  to   space 38912K, 0% used [0x00000000eb680000,0x00000000eb680000,0x00000000edc80000)
 ParOldGen       total 92160K, used 85818K [0x0000000080000000, 0x0000000085a00000, 0x00000000d5580000)
  object space 92160K, 93% used [0x0000000080000000,0x00000000853ce800,0x0000000085a00000)
 Metaspace       used 77085K, capacity 81034K, committed 81320K, reserved 1120256K
  class space    used 10613K, capacity 11360K, committed 11432K, reserved 1048576K
Event: 54.721 GC heap after
Heap after GC invocations=17 (full 4):
 PSYoungGen      total 310784K, used 0K [0x00000000d5580000, 0x00000000edc80000, 0x0000000100000000)
  eden space 271360K, 0% used [0x00000000d5580000,0x00000000d5580000,0x00000000e5e80000)
  from space 39424K, 0% used [0x00000000e5e80000,0x00000000e5e80000,0x00000000e8500000)
  to   space 38912K, 0% used [0x00000000eb680000,0x00000000eb680000,0x00000000edc80000)
 ParOldGen       total 159744K, used 71377K [0x0000000080000000, 0x0000000089c00000, 0x00000000d5580000)
  object space 159744K, 44% used [0x0000000080000000,0x00000000845b4458,0x0000000089c00000)
 Metaspace       used 76919K, capacity 80586K, committed 81320K, reserved 1120256K
  class space    used 10555K, capacity 11258K, committed 11432K, reserved 1048576K
}
Event: 57.411 GC heap before
{Heap before GC invocations=18 (full 4):
 PSYoungGen      total 310784K, used 271360K [0x00000000d5580000, 0x00000000edc80000, 0x0000000100000000)
  eden space 271360K, 100% used [0x00000000d5580000,0x00000000e5e80000,0x00000000e5e80000)
  from space 39424K, 0% used [0x00000000e5e80000,0x00000000e5e80000,0x00000000e8500000)
  to   space 38912K, 0% used [0x00000000eb680000,0x00000000eb680000,0x00000000edc80000)
 ParOldGen       total 159744K, used 71377K [0x0000000080000000, 0x0000000089c00000, 0x00000000d5580000)
  object space 159744K, 44% used [0x0000000080000000,0x00000000845b4458,0x0000000089c00000)
 Metaspace       used 78225K, capacity 82038K, committed 82472K, reserved 1120256K
  class space    used 10686K, capacity 11440K, committed 11560K, reserved 1048576K
Event: 57.485 GC heap after
Heap after GC invocations=18 (full 4):
 PSYoungGen      total 362496K, used 4194K [0x00000000d5580000, 0x00000000ee180000, 0x0000000100000000)
  eden space 323584K, 0% used [0x00000000d5580000,0x00000000d5580000,0x00000000e9180000)
  from space 38912K, 10% used [0x00000000eb680000,0x00000000eba98820,0x00000000edc80000)
  to   space 37888K, 0% used [0x00000000e9180000,0x00000000e9180000,0x00000000eb680000)
 ParOldGen       total 159744K, used 71385K [0x0000000080000000, 0x0000000089c00000, 0x00000000d5580000)
  object space 159744K, 44% used [0x0000000080000000,0x00000000845b6458,0x0000000089c00000)
 Metaspace       used 78225K, capacity 82038K, committed 82472K, reserved 1120256K
  class space    used 10686K, capacity 11440K, committed 11560K, reserved 1048576K
}
Event: 59.865 GC heap before
{Heap before GC invocations=19 (full 4):
 PSYoungGen      total 362496K, used 327778K [0x00000000d5580000, 0x00000000ee180000, 0x0000000100000000)
  eden space 323584K, 100% used [0x00000000d5580000,0x00000000e9180000,0x00000000e9180000)
  from space 38912K, 10% used [0x00000000eb680000,0x00000000eba98820,0x00000000edc80000)
  to   space 37888K, 0% used [0x00000000e9180000,0x00000000e9180000,0x00000000eb680000)
 ParOldGen       total 159744K, used 71385K [0x0000000080000000, 0x0000000089c00000, 0x00000000d5580000)
  object space 159744K, 44% used [0x0000000080000000,0x00000000845b6458,0x0000000089c00000)
 Metaspace       used 78748K, capacity 82770K, committed 82984K, reserved 1120256K
  class space    used 10740K, capacity 11492K, committed 11560K, reserved 1048576K
Event: 59.891 GC heap after
Heap after GC invocations=19 (full 4):
 PSYoungGen      total 361472K, used 7312K [0x00000000d5580000, 0x00000000ee180000, 0x0000000100000000)
  eden space 323584K, 0% used [0x00000000d5580000,0x00000000d5580000,0x00000000e9180000)
  from space 37888K, 19% used [0x00000000e9180000,0x00000000e98a4060,0x00000000eb680000)
  to   space 38912K, 0% used [0x00000000eb680000,0x00000000eb680000,0x00000000edc80000)
 ParOldGen       total 159744K, used 71385K [0x0000000080000000, 0x0000000089c00000, 0x00000000d5580000)
  object space 159744K, 44% used [0x0000000080000000,0x00000000845b6458,0x0000000089c00000)
 Metaspace       used 78748K, capacity 82770K, committed 82984K, reserved 1120256K
  class space    used 10740K, capacity 11492K, committed 11560K, reserved 1048576K
}

