# JRE version: OpenJDK Runtime Environment (8.0_242-b01) (build 1.8.0_242-release-1644-b01)
# Java VM: OpenJDK 64-Bit Server VM (25.242-b01 mixed mode windows-amd64 compressed oops)
Heap:
 PSYoungGen      total 630784K, used 295475K [0x00000000d5580000, 0x0000000100000000, 0x0000000100000000)
  eden space 580608K, 42% used [0x00000000d5580000,0x00000000e453f8c8,0x00000000f8c80000)
  from space 50176K, 99% used [0x00000000f8c80000,0x00000000fbd4d648,0x00000000fbd80000)
  to   space 63488K, 0% used [0x00000000fc200000,0x00000000fc200000,0x0000000100000000)
 ParOldGen       total 241664K, used 170617K [0x0000000080000000, 0x000000008ec00000, 0x00000000d5580000)
  object space 241664K, 70% used [0x0000000080000000,0x000000008a69e4c8,0x000000008ec00000)
 Metaspace       used 115738K, capacity 122388K, committed 122648K, reserved 1155072K
  class space    used 14898K, capacity 16151K, committed 16176K, reserved 1048576K
GC Heap History (10 events):
Event: 406.702 GC heap before
{Heap before GC invocations=41 (full 6):
 PSYoungGen      total 629760K, used 581211K [0x00000000d5580000, 0x00000000ffc00000, 0x0000000100000000)
  eden space 567808K, 100% used [0x00000000d5580000,0x00000000f8000000,0x00000000f8000000)
  from space 61952K, 21% used [0x00000000fbf80000,0x00000000fcc96c78,0x00000000ffc00000)
  to   space 63488K, 0% used [0x00000000f8000000,0x00000000f8000000,0x00000000fbe00000)
 ParOldGen       total 241664K, used 131931K [0x0000000080000000, 0x000000008ec00000, 0x00000000d5580000)
  object space 241664K, 54% used [0x0000000080000000,0x00000000880d6ca0,0x000000008ec00000)
 Metaspace       used 115542K, capacity 122188K, committed 122648K, reserved 1155072K
  class space    used 14891K, capacity 16141K, committed 16176K, reserved 1048576K
Event: 406.750 GC heap after
Heap after GC invocations=41 (full 6):
 PSYoungGen      total 631296K, used 10484K [0x00000000d5580000, 0x00000000fff80000, 0x0000000100000000)
  eden space 567808K, 0% used [0x00000000d5580000,0x00000000d5580000,0x00000000f8000000)
  from space 63488K, 16% used [0x00000000f8000000,0x00000000f8a3d0f8,0x00000000fbe00000)
  to   space 62464K, 0% used [0x00000000fc280000,0x00000000fc280000,0x00000000fff80000)
 ParOldGen       total 241664K, used 141162K [0x0000000080000000, 0x000000008ec00000, 0x00000000d5580000)
  object space 241664K, 58% used [0x0000000080000000,0x00000000889da918,0x000000008ec00000)
 Metaspace       used 115542K, capacity 122188K, committed 122648K, reserved 1155072K
  class space    used 14891K, capacity 16141K, committed 16176K, reserved 1048576K
}
Event: 408.795 GC heap before
{Heap before GC invocations=42 (full 6):
 PSYoungGen      total 631296K, used 578292K [0x00000000d5580000, 0x00000000fff80000, 0x0000000100000000)
  eden space 567808K, 100% used [0x00000000d5580000,0x00000000f8000000,0x00000000f8000000)
  from space 63488K, 16% used [0x00000000f8000000,0x00000000f8a3d0f8,0x00000000fbe00000)
  to   space 62464K, 0% used [0x00000000fc280000,0x00000000fc280000,0x00000000fff80000)
 ParOldGen       total 241664K, used 141165K [0x0000000080000000, 0x000000008ec00000, 0x00000000d5580000)
  object space 241664K, 58% used [0x0000000080000000,0x00000000889db4c0,0x000000008ec00000)
 Metaspace       used 115561K, capacity 122192K, committed 122648K, reserved 1155072K
  class space    used 14891K, capacity 16141K, committed 16176K, reserved 1048576K
Event: 408.879 GC heap after
Heap after GC invocations=42 (full 6):
 PSYoungGen      total 630784K, used 29372K [0x00000000d5580000, 0x00000000ffb00000, 0x0000000100000000)
  eden space 572928K, 0% used [0x00000000d5580000,0x00000000d5580000,0x00000000f8500000)
  from space 57856K, 50% used [0x00000000fc280000,0x00000000fdf2f278,0x00000000ffb00000)
  to   space 60416K, 0% used [0x00000000f8500000,0x00000000f8500000,0x00000000fc000000)
 ParOldGen       total 241664K, used 148785K [0x0000000080000000, 0x000000008ec00000, 0x00000000d5580000)
  object space 241664K, 61% used [0x0000000080000000,0x000000008914c420,0x000000008ec00000)
 Metaspace       used 115561K, capacity 122192K, committed 122648K, reserved 1155072K
  class space    used 14891K, capacity 16141K, committed 16176K, reserved 1048576K
}
Event: 410.861 GC heap before
{Heap before GC invocations=43 (full 6):
 PSYoungGen      total 630784K, used 602300K [0x00000000d5580000, 0x00000000ffb00000, 0x0000000100000000)
  eden space 572928K, 100% used [0x00000000d5580000,0x00000000f8500000,0x00000000f8500000)
  from space 57856K, 50% used [0x00000000fc280000,0x00000000fdf2f278,0x00000000ffb00000)
  to   space 60416K, 0% used [0x00000000f8500000,0x00000000f8500000,0x00000000fc000000)
 ParOldGen       total 241664K, used 148785K [0x0000000080000000, 0x000000008ec00000, 0x00000000d5580000)
  object space 241664K, 61% used [0x0000000080000000,0x000000008914c420,0x000000008ec00000)
 Metaspace       used 115563K, capacity 122192K, committed 122648K, reserved 1155072K
  class space    used 14891K, capacity 16141K, committed 16176K, reserved 1048576K
Event: 410.935 GC heap after
Heap after GC invocations=43 (full 6):
 PSYoungGen      total 633344K, used 25281K [0x00000000d5580000, 0x00000000ffb80000, 0x0000000100000000)
  eden space 572928K, 0% used [0x00000000d5580000,0x00000000d5580000,0x00000000f8500000)
  from space 60416K, 41% used [0x00000000f8500000,0x00000000f9db06a0,0x00000000fc000000)
  to   space 56832K, 0% used [0x00000000fc400000,0x00000000fc400000,0x00000000ffb80000)
 ParOldGen       total 241664K, used 161033K [0x0000000080000000, 0x000000008ec00000, 0x00000000d5580000)
  object space 241664K, 66% used [0x0000000080000000,0x0000000089d42718,0x000000008ec00000)
 Metaspace       used 115563K, capacity 122192K, committed 122648K, reserved 1155072K
  class space    used 14891K, capacity 16141K, committed 16176K, reserved 1048576K
}
Event: 414.116 GC heap before
{Heap before GC invocations=44 (full 6):
 PSYoungGen      total 633344K, used 598209K [0x00000000d5580000, 0x00000000ffb80000, 0x0000000100000000)
  eden space 572928K, 100% used [0x00000000d5580000,0x00000000f8500000,0x00000000f8500000)
  from space 60416K, 41% used [0x00000000f8500000,0x00000000f9db06a0,0x00000000fc000000)
  to   space 56832K, 0% used [0x00000000fc400000,0x00000000fc400000,0x00000000ffb80000)
 ParOldGen       total 241664K, used 161033K [0x0000000080000000, 0x000000008ec00000, 0x00000000d5580000)
  object space 241664K, 66% used [0x0000000080000000,0x0000000089d42718,0x000000008ec00000)
 Metaspace       used 115582K, capacity 122196K, committed 122648K, reserved 1155072K
  class space    used 14891K, capacity 16141K, committed 16176K, reserved 1048576K
Event: 414.148 GC heap after
Heap after GC invocations=44 (full 6):
 PSYoungGen      total 637440K, used 7796K [0x00000000d5580000, 0x00000000ffc80000, 0x0000000100000000)
  eden space 580608K, 0% used [0x00000000d5580000,0x00000000d5580000,0x00000000f8c80000)
  from space 56832K, 13% used [0x00000000fc400000,0x00000000fcb9d2b8,0x00000000ffb80000)
  to   space 56832K, 0% used [0x00000000f8c80000,0x00000000f8c80000,0x00000000fc400000)
 ParOldGen       total 241664K, used 168195K [0x0000000080000000, 0x000000008ec00000, 0x00000000d5580000)
  object space 241664K, 69% used [0x0000000080000000,0x000000008a440de0,0x000000008ec00000)
 Metaspace       used 115582K, capacity 122196K, committed 122648K, reserved 1155072K
  class space    used 14891K, capacity 16141K, committed 16176K, reserved 1048576K
}
Event: 417.178 GC heap before
{Heap before GC invocations=45 (full 6):
 PSYoungGen      total 637440K, used 588404K [0x00000000d5580000, 0x00000000ffc80000, 0x0000000100000000)
  eden space 580608K, 100% used [0x00000000d5580000,0x00000000f8c80000,0x00000000f8c80000)
  from space 56832K, 13% used [0x00000000fc400000,0x00000000fcb9d2b8,0x00000000ffb80000)
  to   space 56832K, 0% used [0x00000000f8c80000,0x00000000f8c80000,0x00000000fc400000)
 ParOldGen       total 241664K, used 168195K [0x0000000080000000, 0x000000008ec00000, 0x00000000d5580000)
  object space 241664K, 69% used [0x0000000080000000,0x000000008a440de0,0x000000008ec00000)
 Metaspace       used 115608K, capacity 122260K, committed 122648K, reserved 1155072K
  class space    used 14892K, capacity 16141K, committed 16176K, reserved 1048576K
Event: 417.316 GC heap after
Heap after GC invocations=45 (full 6):
 PSYoungGen      total 630784K, used 49973K [0x00000000d5580000, 0x0000000100000000, 0x0000000100000000)
  eden space 580608K, 0% used [0x00000000d5580000,0x00000000d5580000,0x00000000f8c80000)
  from space 50176K, 99% used [0x00000000f8c80000,0x00000000fbd4d648,0x00000000fbd80000)
  to   space 63488K, 0% used [0x00000000fc200000,0x00000000fc200000,0x0000000100000000)
 ParOldGen       total 241664K, used 170617K [0x0000000080000000, 0x000000008ec00000, 0x00000000d5580000)
  object space 241664K, 70% used [0x0000000080000000,0x000000008a69e4c8,0x000000008ec00000)
 Metaspace       used 115608K, capacity 122260K, committed 122648K, reserved 1155072K
  class space    used 14892K, capacity 16141K, committed 16176K, reserved 1048576K
}

