# JRE version: OpenJDK Runtime Environment (8.0_242-b01) (build 1.8.0_242-release-1644-b01)
# Java VM: OpenJDK 64-Bit Server VM (25.242-b01 mixed mode windows-amd64 compressed oops)
Heap:
 PSYoungGen      total 139776K, used 16835K [0x00000000d5580000, 0x00000000e3100000, 0x0000000100000000)
  eden space 126464K, 13% used [0x00000000d5580000,0x00000000d65f0e78,0x00000000dd100000)
  from space 13312K, 0% used [0x00000000e2400000,0x00000000e2400000,0x00000000e3100000)
  to   space 9728K, 0% used [0x00000000dd100000,0x00000000dd100000,0x00000000dda80000)
 ParOldGen       total 38400K, used 14807K [0x0000000080000000, 0x0000000082580000, 0x00000000d5580000)
  object space 38400K, 38% used [0x0000000080000000,0x0000000080e75e00,0x0000000082580000)
 Metaspace       used 35311K, capacity 36550K, committed 36648K, reserved 1081344K
  class space    used 4860K, capacity 5136K, committed 5168K, reserved 1048576K
GC Heap History (10 events):
Event: 3.971 GC heap before
{Heap before GC invocations=6 (full 0):
 PSYoungGen      total 66048K, used 45799K [0x00000000d5580000, 0x00000000de380000, 0x0000000100000000)
  eden space 63488K, 68% used [0x00000000d5580000,0x00000000d7fbde20,0x00000000d9380000)
  from space 2560K, 99% used [0x00000000d9380000,0x00000000d95fc030,0x00000000d9600000)
  to   space 9216K, 0% used [0x00000000dda80000,0x00000000dda80000,0x00000000de380000)
 ParOldGen       total 42496K, used 10718K [0x0000000080000000, 0x0000000082980000, 0x00000000d5580000)
  object space 42496K, 25% used [0x0000000080000000,0x0000000080a77ab0,0x0000000082980000)
 Metaspace       used 20591K, capacity 21236K, committed 21296K, reserved 1067008K
  class space    used 2881K, capacity 3080K, committed 3120K, reserved 1048576K
Event: 4.028 GC heap after
Heap after GC invocations=6 (full 0):
 PSYoungGen      total 135680K, used 7207K [0x00000000d5580000, 0x00000000de480000, 0x0000000100000000)
  eden space 126464K, 0% used [0x00000000d5580000,0x00000000d5580000,0x00000000dd100000)
  from space 9216K, 78% used [0x00000000dda80000,0x00000000de189c10,0x00000000de380000)
  to   space 9728K, 0% used [0x00000000dd100000,0x00000000dd100000,0x00000000dda80000)
 ParOldGen       total 42496K, used 10726K [0x0000000080000000, 0x0000000082980000, 0x00000000d5580000)
  object space 42496K, 25% used [0x0000000080000000,0x0000000080a79ab0,0x0000000082980000)
 Metaspace       used 20591K, capacity 21236K, committed 21296K, reserved 1067008K
  class space    used 2881K, capacity 3080K, committed 3120K, reserved 1048576K
}
Event: 4.028 GC heap before
{Heap before GC invocations=7 (full 1):
 PSYoungGen      total 135680K, used 7207K [0x00000000d5580000, 0x00000000de480000, 0x0000000100000000)
  eden space 126464K, 0% used [0x00000000d5580000,0x00000000d5580000,0x00000000dd100000)
  from space 9216K, 78% used [0x00000000dda80000,0x00000000de189c10,0x00000000de380000)
  to   space 9728K, 0% used [0x00000000dd100000,0x00000000dd100000,0x00000000dda80000)
 ParOldGen       total 42496K, used 10726K [0x0000000080000000, 0x0000000082980000, 0x00000000d5580000)
  object space 42496K, 25% used [0x0000000080000000,0x0000000080a79ab0,0x0000000082980000)
 Metaspace       used 20591K, capacity 21236K, committed 21296K, reserved 1067008K
  class space    used 2881K, capacity 3080K, committed 3120K, reserved 1048576K
Event: 4.114 GC heap after
Heap after GC invocations=7 (full 1):
 PSYoungGen      total 135680K, used 0K [0x00000000d5580000, 0x00000000de480000, 0x0000000100000000)
  eden space 126464K, 0% used [0x00000000d5580000,0x00000000d5580000,0x00000000dd100000)
  from space 9216K, 0% used [0x00000000dda80000,0x00000000dda80000,0x00000000de380000)
  to   space 9728K, 0% used [0x00000000dd100000,0x00000000dd100000,0x00000000dda80000)
 ParOldGen       total 38400K, used 9794K [0x0000000080000000, 0x0000000082580000, 0x00000000d5580000)
  object space 38400K, 25% used [0x0000000080000000,0x0000000080990880,0x0000000082580000)
 Metaspace       used 20591K, capacity 21236K, committed 21296K, reserved 1067008K
  class space    used 2881K, capacity 3080K, committed 3120K, reserved 1048576K
}
Event: 6.575 GC heap before
{Heap before GC invocations=8 (full 1):
 PSYoungGen      total 135680K, used 126464K [0x00000000d5580000, 0x00000000de480000, 0x0000000100000000)
  eden space 126464K, 100% used [0x00000000d5580000,0x00000000dd100000,0x00000000dd100000)
  from space 9216K, 0% used [0x00000000dda80000,0x00000000dda80000,0x00000000de380000)
  to   space 9728K, 0% used [0x00000000dd100000,0x00000000dd100000,0x00000000dda80000)
 ParOldGen       total 38400K, used 9794K [0x0000000080000000, 0x0000000082580000, 0x00000000d5580000)
  object space 38400K, 25% used [0x0000000080000000,0x0000000080990880,0x0000000082580000)
 Metaspace       used 32665K, capacity 33712K, committed 33968K, reserved 1079296K
  class space    used 4457K, capacity 4722K, committed 4784K, reserved 1048576K
Event: 6.603 GC heap after
Heap after GC invocations=8 (full 1):
 PSYoungGen      total 136192K, used 9706K [0x00000000d5580000, 0x00000000e3100000, 0x0000000100000000)
  eden space 126464K, 0% used [0x00000000d5580000,0x00000000d5580000,0x00000000dd100000)
  from space 9728K, 99% used [0x00000000dd100000,0x00000000dda7aa60,0x00000000dda80000)
  to   space 13312K, 0% used [0x00000000e2400000,0x00000000e2400000,0x00000000e3100000)
 ParOldGen       total 38400K, used 13927K [0x0000000080000000, 0x0000000082580000, 0x00000000d5580000)
  object space 38400K, 36% used [0x0000000080000000,0x0000000080d99e60,0x0000000082580000)
 Metaspace       used 32665K, capacity 33712K, committed 33968K, reserved 1079296K
  class space    used 4457K, capacity 4722K, committed 4784K, reserved 1048576K
}
Event: 7.132 GC heap before
{Heap before GC invocations=9 (full 1):
 PSYoungGen      total 136192K, used 43245K [0x00000000d5580000, 0x00000000e3100000, 0x0000000100000000)
  eden space 126464K, 26% used [0x00000000d5580000,0x00000000d76409f8,0x00000000dd100000)
  from space 9728K, 99% used [0x00000000dd100000,0x00000000dda7aa60,0x00000000dda80000)
  to   space 13312K, 0% used [0x00000000e2400000,0x00000000e2400000,0x00000000e3100000)
 ParOldGen       total 38400K, used 13927K [0x0000000080000000, 0x0000000082580000, 0x00000000d5580000)
  object space 38400K, 36% used [0x0000000080000000,0x0000000080d99e60,0x0000000082580000)
 Metaspace       used 34362K, capacity 35432K, committed 35496K, reserved 1079296K
  class space    used 4728K, capacity 5007K, committed 5040K, reserved 1048576K
Event: 7.178 GC heap after
Heap after GC invocations=9 (full 1):
 PSYoungGen      total 139776K, used 8366K [0x00000000d5580000, 0x00000000e3100000, 0x0000000100000000)
  eden space 126464K, 0% used [0x00000000d5580000,0x00000000d5580000,0x00000000dd100000)
  from space 13312K, 62% used [0x00000000e2400000,0x00000000e2c2b898,0x00000000e3100000)
  to   space 9728K, 0% used [0x00000000dd100000,0x00000000dd100000,0x00000000dda80000)
 ParOldGen       total 38400K, used 13935K [0x0000000080000000, 0x0000000082580000, 0x00000000d5580000)
  object space 38400K, 36% used [0x0000000080000000,0x0000000080d9be60,0x0000000082580000)
 Metaspace       used 34362K, capacity 35432K, committed 35496K, reserved 1079296K
  class space    used 4728K, capacity 5007K, committed 5040K, reserved 1048576K
}
Event: 7.178 GC heap before
{Heap before GC invocations=10 (full 2):
 PSYoungGen      total 139776K, used 8366K [0x00000000d5580000, 0x00000000e3100000, 0x0000000100000000)
  eden space 126464K, 0% used [0x00000000d5580000,0x00000000d5580000,0x00000000dd100000)
  from space 13312K, 62% used [0x00000000e2400000,0x00000000e2c2b898,0x00000000e3100000)
  to   space 9728K, 0% used [0x00000000dd100000,0x00000000dd100000,0x00000000dda80000)
 ParOldGen       total 38400K, used 13935K [0x0000000080000000, 0x0000000082580000, 0x00000000d5580000)
  object space 38400K, 36% used [0x0000000080000000,0x0000000080d9be60,0x0000000082580000)
 Metaspace       used 34362K, capacity 35432K, committed 35496K, reserved 1079296K
  class space    used 4728K, capacity 5007K, committed 5040K, reserved 1048576K
Event: 7.321 GC heap after
Heap after GC invocations=10 (full 2):
 PSYoungGen      total 139776K, used 0K [0x00000000d5580000, 0x00000000e3100000, 0x0000000100000000)
  eden space 126464K, 0% used [0x00000000d5580000,0x00000000d5580000,0x00000000dd100000)
  from space 13312K, 0% used [0x00000000e2400000,0x00000000e2400000,0x00000000e3100000)
  to   space 9728K, 0% used [0x00000000dd100000,0x00000000dd100000,0x00000000dda80000)
 ParOldGen       total 38400K, used 14807K [0x0000000080000000, 0x0000000082580000, 0x00000000d5580000)
  object space 38400K, 38% used [0x0000000080000000,0x0000000080e75e00,0x0000000082580000)
 Metaspace       used 34362K, capacity 35432K, committed 35496K, reserved 1079296K
  class space    used 4728K, capacity 5007K, committed 5040K, reserved 1048576K
}

