# JRE version: OpenJDK Runtime Environment (8.0_242-b01) (build 1.8.0_242-release-1644-b01)
# Java VM: OpenJDK 64-Bit Server VM (25.242-b01 mixed mode windows-amd64 compressed oops)
Heap:
 PSYoungGen      total 178688K, used 126715K [0x00000000d5580000, 0x00000000e1580000, 0x0000000100000000)
  eden space 165888K, 68% used [0x00000000d5580000,0x00000000dc4c3b40,0x00000000df780000)
  from space 12800K, 99% used [0x00000000df780000,0x00000000e03fb240,0x00000000e0400000)
  to   space 12288K, 0% used [0x00000000e0400000,0x00000000e0400000,0x00000000e1000000)
 ParOldGen       total 50688K, used 15232K [0x0000000080000000, 0x0000000083180000, 0x00000000d5580000)
  object space 50688K, 30% used [0x0000000080000000,0x0000000080ee01d8,0x0000000083180000)
 Metaspace       used 52580K, capacity 54560K, committed 54568K, reserved 1095680K
  class space    used 7063K, capacity 7470K, committed 7472K, reserved 1048576K
GC Heap History (10 events):
Event: 4.151 GC heap before
{Heap before GC invocations=9 (full 1):
 PSYoungGen      total 132608K, used 4341K [0x00000000d5580000, 0x00000000de080000, 0x0000000100000000)
  eden space 123904K, 0% used [0x00000000d5580000,0x00000000d5580000,0x00000000dce80000)
  from space 8704K, 49% used [0x00000000dd800000,0x00000000ddc3d468,0x00000000de080000)
  to   space 9216K, 0% used [0x00000000dce80000,0x00000000dce80000,0x00000000dd780000)
 ParOldGen       total 42496K, used 8322K [0x0000000080000000, 0x0000000082980000, 0x00000000d5580000)
  object space 42496K, 19% used [0x0000000080000000,0x0000000080820aa8,0x0000000082980000)
 Metaspace       used 20588K, capacity 21236K, committed 21296K, reserved 1067008K
  class space    used 2877K, capacity 3080K, committed 3120K, reserved 1048576K
Event: 4.286 GC heap after
Heap after GC invocations=9 (full 1):
 PSYoungGen      total 132608K, used 0K [0x00000000d5580000, 0x00000000de080000, 0x0000000100000000)
  eden space 123904K, 0% used [0x00000000d5580000,0x00000000d5580000,0x00000000dce80000)
  from space 8704K, 0% used [0x00000000dd800000,0x00000000dd800000,0x00000000de080000)
  to   space 9216K, 0% used [0x00000000dce80000,0x00000000dce80000,0x00000000dd780000)
 ParOldGen       total 32768K, used 7268K [0x0000000080000000, 0x0000000082000000, 0x00000000d5580000)
  object space 32768K, 22% used [0x0000000080000000,0x0000000080719040,0x0000000082000000)
 Metaspace       used 20588K, capacity 21236K, committed 21296K, reserved 1067008K
  class space    used 2877K, capacity 3080K, committed 3120K, reserved 1048576K
}
Event: 6.987 GC heap before
{Heap before GC invocations=10 (full 1):
 PSYoungGen      total 132608K, used 123904K [0x00000000d5580000, 0x00000000de080000, 0x0000000100000000)
  eden space 123904K, 100% used [0x00000000d5580000,0x00000000dce80000,0x00000000dce80000)
  from space 8704K, 0% used [0x00000000dd800000,0x00000000dd800000,0x00000000de080000)
  to   space 9216K, 0% used [0x00000000dce80000,0x00000000dce80000,0x00000000dd780000)
 ParOldGen       total 32768K, used 7268K [0x0000000080000000, 0x0000000082000000, 0x00000000d5580000)
  object space 32768K, 22% used [0x0000000080000000,0x0000000080719040,0x0000000082000000)
 Metaspace       used 32573K, capacity 33552K, committed 33712K, reserved 1079296K
  class space    used 4441K, capacity 4690K, committed 4784K, reserved 1048576K
Event: 7.012 GC heap after
Heap after GC invocations=10 (full 1):
 PSYoungGen      total 133120K, used 9188K [0x00000000d5580000, 0x00000000e1000000, 0x0000000100000000)
  eden space 123904K, 0% used [0x00000000d5580000,0x00000000d5580000,0x00000000dce80000)
  from space 9216K, 99% used [0x00000000dce80000,0x00000000dd779020,0x00000000dd780000)
  to   space 12288K, 0% used [0x00000000e0400000,0x00000000e0400000,0x00000000e1000000)
 ParOldGen       total 32768K, used 11605K [0x0000000080000000, 0x0000000082000000, 0x00000000d5580000)
  object space 32768K, 35% used [0x0000000080000000,0x0000000080b55520,0x0000000082000000)
 Metaspace       used 32573K, capacity 33552K, committed 33712K, reserved 1079296K
  class space    used 4441K, capacity 4690K, committed 4784K, reserved 1048576K
}
Event: 7.480 GC heap before
{Heap before GC invocations=11 (full 1):
 PSYoungGen      total 133120K, used 46247K [0x00000000d5580000, 0x00000000e1000000, 0x0000000100000000)
  eden space 123904K, 29% used [0x00000000d5580000,0x00000000d79b0cc8,0x00000000dce80000)
  from space 9216K, 99% used [0x00000000dce80000,0x00000000dd779020,0x00000000dd780000)
  to   space 12288K, 0% used [0x00000000e0400000,0x00000000e0400000,0x00000000e1000000)
 ParOldGen       total 32768K, used 11605K [0x0000000080000000, 0x0000000082000000, 0x00000000d5580000)
  object space 32768K, 35% used [0x0000000080000000,0x0000000080b55520,0x0000000082000000)
 Metaspace       used 34354K, capacity 35432K, committed 35496K, reserved 1079296K
  class space    used 4728K, capacity 5007K, committed 5040K, reserved 1048576K
Event: 7.525 GC heap after
Heap after GC invocations=11 (full 1):
 PSYoungGen      total 178176K, used 8403K [0x00000000d5580000, 0x00000000e1580000, 0x0000000100000000)
  eden space 165888K, 0% used [0x00000000d5580000,0x00000000d5580000,0x00000000df780000)
  from space 12288K, 68% used [0x00000000e0400000,0x00000000e0c34e98,0x00000000e1000000)
  to   space 12800K, 0% used [0x00000000df780000,0x00000000df780000,0x00000000e0400000)
 ParOldGen       total 32768K, used 11613K [0x0000000080000000, 0x0000000082000000, 0x00000000d5580000)
  object space 32768K, 35% used [0x0000000080000000,0x0000000080b57520,0x0000000082000000)
 Metaspace       used 34354K, capacity 35432K, committed 35496K, reserved 1079296K
  class space    used 4728K, capacity 5007K, committed 5040K, reserved 1048576K
}
Event: 7.525 GC heap before
{Heap before GC invocations=12 (full 2):
 PSYoungGen      total 178176K, used 8403K [0x00000000d5580000, 0x00000000e1580000, 0x0000000100000000)
  eden space 165888K, 0% used [0x00000000d5580000,0x00000000d5580000,0x00000000df780000)
  from space 12288K, 68% used [0x00000000e0400000,0x00000000e0c34e98,0x00000000e1000000)
  to   space 12800K, 0% used [0x00000000df780000,0x00000000df780000,0x00000000e0400000)
 ParOldGen       total 32768K, used 11613K [0x0000000080000000, 0x0000000082000000, 0x00000000d5580000)
  object space 32768K, 35% used [0x0000000080000000,0x0000000080b57520,0x0000000082000000)
 Metaspace       used 34354K, capacity 35432K, committed 35496K, reserved 1079296K
  class space    used 4728K, capacity 5007K, committed 5040K, reserved 1048576K
Event: 7.652 GC heap after
Heap after GC invocations=12 (full 2):
 PSYoungGen      total 178176K, used 0K [0x00000000d5580000, 0x00000000e1580000, 0x0000000100000000)
  eden space 165888K, 0% used [0x00000000d5580000,0x00000000d5580000,0x00000000df780000)
  from space 12288K, 0% used [0x00000000e0400000,0x00000000e0400000,0x00000000e1000000)
  to   space 12800K, 0% used [0x00000000df780000,0x00000000df780000,0x00000000e0400000)
 ParOldGen       total 50688K, used 14857K [0x0000000080000000, 0x0000000083180000, 0x00000000d5580000)
  object space 50688K, 29% used [0x0000000080000000,0x0000000080e82520,0x0000000083180000)
 Metaspace       used 34354K, capacity 35432K, committed 35496K, reserved 1079296K
  class space    used 4728K, capacity 5007K, committed 5040K, reserved 1048576K
}
Event: 16.957 GC heap before
{Heap before GC invocations=13 (full 2):
 PSYoungGen      total 178176K, used 165888K [0x00000000d5580000, 0x00000000e1580000, 0x0000000100000000)
  eden space 165888K, 100% used [0x00000000d5580000,0x00000000df780000,0x00000000df780000)
  from space 12288K, 0% used [0x00000000e0400000,0x00000000e0400000,0x00000000e1000000)
  to   space 12800K, 0% used [0x00000000df780000,0x00000000df780000,0x00000000e0400000)
 ParOldGen       total 50688K, used 14857K [0x0000000080000000, 0x0000000083180000, 0x00000000d5580000)
  object space 50688K, 29% used [0x0000000080000000,0x0000000080e82520,0x0000000083180000)
 Metaspace       used 43808K, capacity 45542K, committed 45736K, reserved 1089536K
  class space    used 5925K, capacity 6277K, committed 6320K, reserved 1048576K
Event: 16.982 GC heap after
Heap after GC invocations=13 (full 2):
 PSYoungGen      total 178688K, used 12780K [0x00000000d5580000, 0x00000000e1580000, 0x0000000100000000)
  eden space 165888K, 0% used [0x00000000d5580000,0x00000000d5580000,0x00000000df780000)
  from space 12800K, 99% used [0x00000000df780000,0x00000000e03fb240,0x00000000e0400000)
  to   space 12288K, 0% used [0x00000000e0400000,0x00000000e0400000,0x00000000e1000000)
 ParOldGen       total 50688K, used 15232K [0x0000000080000000, 0x0000000083180000, 0x00000000d5580000)
  object space 50688K, 30% used [0x0000000080000000,0x0000000080ee01d8,0x0000000083180000)
 Metaspace       used 43808K, capacity 45542K, committed 45736K, reserved 1089536K
  class space    used 5925K, capacity 6277K, committed 6320K, reserved 1048576K
}

